<?xml version="1.0" encoding="utf-8"?><testsuites name="pytest tests"><testsuite name="pytest" errors="0" failures="0" skipped="0" tests="26" time="7.795" timestamp="2026-09-07T08:20:02.986696+00:00" hostname="agent-env-b3bb0a53-404a-42fb-b0ba-0c3be8179f21"><testcase classname="tests.test_keluargakita.TestResources" name="test_budgets_spent" time="1.587" /><testcase classname="tests.test_keluargakita.TestPermissions" name="test_member_cannot_invite" time="1.688" /><testcase classname="tests.test_keluargakita.TestResources" name="test_goals_crud" time="0.260" /><testcase classname="tests.test_keluargakita.TestPermissions" name="test_member_cannot_change_roles" time="0.213" /><testcase classname="tests.test_keluargakita.TestPermissions" name="test_member_can_create_transaction" time="0.240" /><testcase classname="tests.test_keluargakita.TestResources" name="test_journal_visibility" time="0.751" /><testcase classname="tests.test_keluargakita.TestPermissions" name="test_child_cannot_create_transaction" time="0.610" /><testcase classname="tests.test_keluargakita.TestResources" name="test_tasks_flow" time="0.238" /><testcase classname="tests.test_keluargakita.TestPermissions" name="test_child_can_view" time="0.080" /><testcase classname="tests.test_keluargakita.TestAuth" name="test_login_owner" time="0.000" /><testcase classname="tests.test_keluargakita.TestAuth" name="test_me" time="0.435" /><testcase classname="tests.test_keluargakita.TestResources" name="test_events" time="0.163" /><testcase classname="tests.test_keluargakita.TestResources" name="test_shopping_toggle" time="0.326" /><testcase classname="tests.test_keluargakita.TestAuth" name="test_me_no_token" time="0.102" /><testcase classname="tests.test_keluargakita.TestFamilies" name="test_list_families" time="0.114" /><testcase classname="tests.test_keluargakita.TestAuth" name="test_bad_login" time="0.318" /><testcase classname="tests.test_keluargakita.TestFamilies" name="test_dashboard" time="0.251" /><testcase classname="tests.test_keluargakita.TestMembers" name="test_list_members" time="0.301" /><testcase classname="tests.test_keluargakita.TestFamilies" name="test_family_isolation" time="0.450" /><testcase classname="tests.test_keluargakita.TestMembers" name="test_role_change_owner_rejected" time="0.169" /><testcase classname="tests.test_keluargakita.TestInvitations" name="test_full_invitation_flow" time="0.916" /><testcase classname="tests.test_keluargakita.TestMembers" name="test_role_change_and_remove_flow" time="1.420" /><testcase classname="tests.test_keluargakita.TestInvitations" name="test_revoked_cannot_accept" time="0.641" /><testcase classname="tests.test_keluargakita.TestJoinRequests" name="test_join_flow" time="0.972" /><testcase classname="tests.test_keluargakita.TestOwnershipTransfer" name="test_transfer_and_back" time="0.936" /><testcase classname="tests.test_keluargakita.TestJoinRequests" name="test_join_reject" time="0.706" /></testsuite></testsuites>